<?xml version="1.0" encoding="UTF-8"?>
<testsuite name="com.leszko.calculator.CalculatorTest" tests="2" skipped="0" failures="0" errors="0" timestamp="2023-03-27T12:37:54" hostname="kubemaster" time="0.026">
  <properties/>
  <testcase name="testDiv" classname="com.leszko.calculator.CalculatorTest" time="0.014"/>
  <testcase name="testSum" classname="com.leszko.calculator.CalculatorTest" time="0.002"/>
  <system-out><![CDATA[]]></system-out>
  <system-err><![CDATA[]]></system-err>
</testsuite>
